<?xml version="1.0" encoding="UTF-8"?>
<testsuite name="eajni.project.eattemplus.article.BoardControllerTest" tests="1" skipped="0" failures="0" errors="0" timestamp="2024-06-16T02:26:49" hostname="DESKTOP-LH9N11C" time="1.824">
  <properties/>
  <testcase name="getOne!" classname="eajni.project.eattemplus.article.BoardControllerTest" time="1.824"/>
  <system-out><![CDATA[11:26:39.680 [Test worker] INFO org.springframework.test.context.support.AnnotationConfigContextLoaderUtils -- Could not detect default configuration classes for test class [eajni.project.eattemplus.article.BoardControllerTest]: BoardControllerTest does not declare any static, non-private, non-final, nested classes annotated with @Configuration.
11:26:39.940 [Test worker] INFO org.springframework.boot.test.context.SpringBootTestContextBootstrapper -- Found @SpringBootConfiguration eajni.project.eattemplus.EattemPlusApplication for test class eajni.project.eattemplus.article.BoardControllerTest
  .   ____          _            __ _ _
 /\\ / ___'_ __ _ _(_)_ __  __ _ \ \ \ \
( ( )\___ | '_ | '_| | '_ \/ _` | \ \ \ \
 \\/  ___)| |_)| | | | | || (_| |  ) ) ) )
  '  |____| .__|_| |_|_| |_\__, | / / / /
 =========|_|==============|___/=/_/_/_/

 :: Spring Boot ::                (v3.3.0)

2024-06-16T11:26:41.057+09:00  INFO 20452 --- [    Test worker] e.p.e.article.BoardControllerTest        : Starting BoardControllerTest using Java 17.0.6 with PID 20452 (started by INJAE HWANG in C:\Users\INJAE HWANG\IdeaProjects\eattemplus)
2024-06-16T11:26:41.061+09:00  INFO 20452 --- [    Test worker] e.p.e.article.BoardControllerTest        : No active profile set, falling back to 1 default profile: "default"
2024-06-16T11:26:42.494+09:00  INFO 20452 --- [    Test worker] .s.d.r.c.RepositoryConfigurationDelegate : Bootstrapping Spring Data JPA repositories in DEFAULT mode.
2024-06-16T11:26:42.634+09:00  INFO 20452 --- [    Test worker] .s.d.r.c.RepositoryConfigurationDelegate : Finished Spring Data repository scanning in 118 ms. Found 2 JPA repository interfaces.
2024-06-16T11:26:43.569+09:00  INFO 20452 --- [    Test worker] com.zaxxer.hikari.HikariDataSource       : HikariPool-1 - Starting...
2024-06-16T11:26:44.055+09:00  INFO 20452 --- [    Test worker] com.zaxxer.hikari.pool.HikariPool        : HikariPool-1 - Added connection conn0: url=jdbc:h2:mem:testdb user=SA
2024-06-16T11:26:44.060+09:00  INFO 20452 --- [    Test worker] com.zaxxer.hikari.HikariDataSource       : HikariPool-1 - Start completed.
2024-06-16T11:26:44.190+09:00  INFO 20452 --- [    Test worker] o.hibernate.jpa.internal.util.LogHelper  : HHH000204: Processing PersistenceUnitInfo [name: default]
2024-06-16T11:26:44.398+09:00  INFO 20452 --- [    Test worker] org.hibernate.Version                    : HHH000412: Hibernate ORM core version 6.5.2.Final
2024-06-16T11:26:44.511+09:00  INFO 20452 --- [    Test worker] o.h.c.internal.RegionFactoryInitiator    : HHH000026: Second-level cache disabled
2024-06-16T11:26:45.395+09:00  INFO 20452 --- [    Test worker] o.s.o.j.p.SpringPersistenceUnitInfo      : No LoadTimeWeaver setup: ignoring JPA class transformer
2024-06-16T11:26:47.711+09:00  INFO 20452 --- [    Test worker] o.h.e.t.j.p.i.JtaPlatformInitiator       : HHH000489: No JTA platform available (set 'hibernate.transaction.jta.platform' to enable JTA platform integration)
Hibernate: 
    drop table if exists article cascade 
Hibernate: 
    drop table if exists member cascade 
Hibernate: 
    create table article (
        id bigint generated by default as identity,
        content varchar(255) not null,
        title varchar(255) not null,
        primary key (id)
    )
Hibernate: 
    create table member (
        id bigint generated by default as identity,
        name varchar(255) not null,
        primary key (id)
    )
2024-06-16T11:26:47.807+09:00  INFO 20452 --- [    Test worker] j.LocalContainerEntityManagerFactoryBean : Initialized JPA EntityManagerFactory for persistence unit 'default'
2024-06-16T11:26:48.683+09:00  WARN 20452 --- [    Test worker] JpaBaseConfiguration$JpaWebConfiguration : spring.jpa.open-in-view is enabled by default. Therefore, database queries may be performed during view rendering. Explicitly configure spring.jpa.open-in-view to disable this warning
2024-06-16T11:26:48.750+09:00  INFO 20452 --- [    Test worker] o.s.b.a.w.s.WelcomePageHandlerMapping    : Adding welcome page: class path resource [static/index.html]
2024-06-16T11:26:49.366+09:00  INFO 20452 --- [    Test worker] o.s.b.a.h2.H2ConsoleAutoConfiguration    : H2 console available at '/h2-console'. Database available at 'jdbc:h2:mem:testdb'
2024-06-16T11:26:49.486+09:00  INFO 20452 --- [    Test worker] o.s.b.t.m.w.SpringBootMockServletContext : Initializing Spring TestDispatcherServlet ''
2024-06-16T11:26:49.487+09:00  INFO 20452 --- [    Test worker] o.s.t.web.servlet.TestDispatcherServlet  : Initializing Servlet ''
2024-06-16T11:26:49.489+09:00  INFO 20452 --- [    Test worker] o.s.t.web.servlet.TestDispatcherServlet  : Completed initialization in 1 ms
2024-06-16T11:26:49.538+09:00  INFO 20452 --- [    Test worker] e.p.e.article.BoardControllerTest        : Started BoardControllerTest in 9.215 seconds (process running for 11.986)
2024-06-16T11:26:50.475+09:00  INFO 20452 --- [    Test worker] o.s.b.t.m.w.SpringBootMockServletContext : Initializing Spring TestDispatcherServlet ''
2024-06-16T11:26:50.475+09:00  INFO 20452 --- [    Test worker] o.s.t.web.servlet.TestDispatcherServlet  : Initializing Servlet ''
2024-06-16T11:26:50.478+09:00  INFO 20452 --- [    Test worker] o.s.t.web.servlet.TestDispatcherServlet  : Completed initialization in 1 ms
Hibernate: 
    select
        a1_0.id,
        a1_0.content,
        a1_0.title 
    from
        article a1_0
Hibernate: 
    delete 
    from
        article 
    where
        id=?
Hibernate: 
    delete 
    from
        article 
    where
        id=?
Hibernate: 
    delete 
    from
        article 
    where
        id=?
Hibernate: 
    insert 
    into
        article
        (content, title, id) 
    values
        (?, ?, default)
Hibernate: 
    select
        a1_0.id,
        a1_0.content,
        a1_0.title 
    from
        article a1_0 
    where
        a1_0.id=?
]]></system-out>
  <system-err><![CDATA[]]></system-err>
</testsuite>
